Info: Starting: Create simulation model
Info: qsys-generate /home/emanuelle/Desktop/INSPER/SoC/Entrega_3/niosLab2.qsys --simulation=VHDL --allow-mixed-language-simulation --output-directory=/home/emanuelle/Desktop/INSPER/SoC/Entrega_3/niosLab2/simulation --family="Cyclone V" --part=5CSXFC6D6F31C6
Progress: Loading Entrega_3/niosLab2.qsys
Progress: Reading input file
Progress: Adding clk_0 [clock_source 18.1]
Progress: Parameterizing module clk_0
Progress: Adding jtag_uart_0 [altera_avalon_jtag_uart 18.1]
Progress: Parameterizing module jtag_uart_0
Progress: Adding nios2_gen2_0 [altera_nios2_gen2 18.1]
Progress: Parameterizing module nios2_gen2_0
Progress: Adding onchip_memory2_0 [altera_avalon_onchip_memory2 18.1]
Progress: Parameterizing module onchip_memory2_0
Progress: Adding peripheral_motor_0 [peripheral_motor 1.0]
Progress: Parameterizing module peripheral_motor_0
Progress: Adding pio_0 [altera_avalon_pio 18.1]
Progress: Parameterizing module pio_0
Progress: Building connections
Progress: Parameterizing connections
Progress: Validating
Progress: Done reading input file
Info: niosLab2.jtag_uart_0: JTAG UART IP input clock need to be at least double (2x) the operating frequency of JTAG TCK on board
Info: niosLab2.pio_0: PIO inputs are not hardwired in test bench. Undefined values will be read from PIO inputs during simulation.
Warning: niosLab2.pio_0: Interrupt sender pio_0.irq is not connected to an interrupt receiver
Info: niosLab2: Generating niosLab2 "niosLab2" for SIM_VHDL
Info: jtag_uart_0: Starting RTL generation for module 'niosLab2_jtag_uart_0'
Info: jtag_uart_0:   Generation command is [exec /opt/altera/18.1/quartus/linux64/perl/bin/perl -I /opt/altera/18.1/quartus/linux64/perl/lib -I /opt/altera/18.1/quartus/sopc_builder/bin/europa -I /opt/altera/18.1/quartus/sopc_builder/bin/perl_lib -I /opt/altera/18.1/quartus/sopc_builder/bin -I /opt/altera/18.1/quartus/../ip/altera/sopc_builder_ip/common -I /opt/altera/18.1/quartus/../ip/altera/sopc_builder_ip/altera_avalon_jtag_uart -- /opt/altera/18.1/quartus/../ip/altera/sopc_builder_ip/altera_avalon_jtag_uart/generate_rtl.pl --name=niosLab2_jtag_uart_0 --dir=/tmp/alt8531_2798457927530797098.dir/0002_jtag_uart_0_gen/ --quartus_dir=/opt/altera/18.1/quartus --vhdl --config=/tmp/alt8531_2798457927530797098.dir/0002_jtag_uart_0_gen//niosLab2_jtag_uart_0_component_configuration.pl  --do_build_sim=1    --sim_dir=/tmp/alt8531_2798457927530797098.dir/0002_jtag_uart_0_gen/  ]
Info: jtag_uart_0: Done RTL generation for module 'niosLab2_jtag_uart_0'
Info: jtag_uart_0: "niosLab2" instantiated altera_avalon_jtag_uart "jtag_uart_0"
Info: nios2_gen2_0: "niosLab2" instantiated altera_nios2_gen2 "nios2_gen2_0"
Info: onchip_memory2_0: Starting RTL generation for module 'niosLab2_onchip_memory2_0'
Info: onchip_memory2_0:   Generation command is [exec /opt/altera/18.1/quartus/linux64/perl/bin/perl -I /opt/altera/18.1/quartus/linux64/perl/lib -I /opt/altera/18.1/quartus/sopc_builder/bin/europa -I /opt/altera/18.1/quartus/sopc_builder/bin/perl_lib -I /opt/altera/18.1/quartus/sopc_builder/bin -I /opt/altera/18.1/quartus/../ip/altera/sopc_builder_ip/common -I /opt/altera/18.1/quartus/../ip/altera/sopc_builder_ip/altera_avalon_onchip_memory2 -- /opt/altera/18.1/quartus/../ip/altera/sopc_builder_ip/altera_avalon_onchip_memory2/generate_rtl.pl --name=niosLab2_onchip_memory2_0 --dir=/tmp/alt8531_2798457927530797098.dir/0003_onchip_memory2_0_gen/ --quartus_dir=/opt/altera/18.1/quartus --vhdl --config=/tmp/alt8531_2798457927530797098.dir/0003_onchip_memory2_0_gen//niosLab2_onchip_memory2_0_component_configuration.pl  --do_build_sim=1    --sim_dir=/tmp/alt8531_2798457927530797098.dir/0003_onchip_memory2_0_gen/  ]
Info: onchip_memory2_0: Done RTL generation for module 'niosLab2_onchip_memory2_0'
Info: onchip_memory2_0: "niosLab2" instantiated altera_avalon_onchip_memory2 "onchip_memory2_0"
Info: peripheral_motor_0: "niosLab2" instantiated peripheral_motor "peripheral_motor_0"
Info: pio_0: Starting RTL generation for module 'niosLab2_pio_0'
Info: pio_0:   Generation command is [exec /opt/altera/18.1/quartus/linux64/perl/bin/perl -I /opt/altera/18.1/quartus/linux64/perl/lib -I /opt/altera/18.1/quartus/sopc_builder/bin/europa -I /opt/altera/18.1/quartus/sopc_builder/bin/perl_lib -I /opt/altera/18.1/quartus/sopc_builder/bin -I /opt/altera/18.1/quartus/../ip/altera/sopc_builder_ip/common -I /opt/altera/18.1/quartus/../ip/altera/sopc_builder_ip/altera_avalon_pio -- /opt/altera/18.1/quartus/../ip/altera/sopc_builder_ip/altera_avalon_pio/generate_rtl.pl --name=niosLab2_pio_0 --dir=/tmp/alt8531_2798457927530797098.dir/0005_pio_0_gen/ --quartus_dir=/opt/altera/18.1/quartus --vhdl --config=/tmp/alt8531_2798457927530797098.dir/0005_pio_0_gen//niosLab2_pio_0_component_configuration.pl  --do_build_sim=1    --sim_dir=/tmp/alt8531_2798457927530797098.dir/0005_pio_0_gen/  ]
Info: pio_0: Done RTL generation for module 'niosLab2_pio_0'
Info: pio_0: "niosLab2" instantiated altera_avalon_pio "pio_0"
Info: avalon_st_adapter: Inserting error_adapter: error_adapter_0
Info: avalon_st_adapter_001: Inserting error_adapter: error_adapter_0
Info: avalon_st_adapter_002: Inserting error_adapter: error_adapter_0
Info: avalon_st_adapter_003: Inserting error_adapter: error_adapter_0
Info: avalon_st_adapter_004: Inserting error_adapter: error_adapter_0
Info: mm_interconnect_0: "niosLab2" instantiated altera_mm_interconnect "mm_interconnect_0"
Info: irq_mapper: "niosLab2" instantiated altera_irq_mapper "irq_mapper"
Info: rst_controller: "niosLab2" instantiated altera_reset_controller "rst_controller"
Info: cpu: Starting RTL generation for module 'niosLab2_nios2_gen2_0_cpu'
Info: cpu:   Generation command is [exec /opt/altera/18.1/quartus/linux64//eperlcmd -I /opt/altera/18.1/quartus/linux64//perl/lib -I /opt/altera/18.1/quartus/sopc_builder/bin/europa -I /opt/altera/18.1/quartus/sopc_builder/bin/perl_lib -I /opt/altera/18.1/quartus/sopc_builder/bin -I /opt/altera/18.1/quartus/../ip/altera/nios2_ip/altera_nios2_gen2/cpu_lib -I /opt/altera/18.1/quartus/../ip/altera/nios2_ip/altera_nios2_gen2/nios_lib -I /opt/altera/18.1/quartus/../ip/altera/nios2_ip/altera_nios2_gen2 -I /opt/altera/18.1/quartus/../ip/altera/nios2_ip/altera_nios2_gen2 -- /opt/altera/18.1/quartus/../ip/altera/nios2_ip/altera_nios2_gen2/generate_rtl.epl --name=niosLab2_nios2_gen2_0_cpu --dir=/tmp/alt8531_2798457927530797098.dir/0008_cpu_gen/ --quartus_bindir=/opt/altera/18.1/quartus/linux64/ --verilog --config=/tmp/alt8531_2798457927530797098.dir/0008_cpu_gen//niosLab2_nios2_gen2_0_cpu_processor_configuration.pl  --do_build_sim=1    --sim_dir=/tmp/alt8531_2798457927530797098.dir/0008_cpu_gen/  ]
Info: cpu: # 2020.09.26 17:06:24 (*) Starting Nios II generation
Info: cpu: # 2020.09.26 17:06:24 (*)   Checking for plaintext license.
Info: cpu: # 2020.09.26 17:06:26 (*)   Couldn't query license setup in Quartus directory /opt/altera/18.1/quartus/linux64/
Info: cpu: # 2020.09.26 17:06:26 (*)   Defaulting to contents of LM_LICENSE_FILE environment variable
Info: cpu: # 2020.09.26 17:06:26 (*)   LM_LICENSE_FILE environment variable is empty
Info: cpu: # 2020.09.26 17:06:26 (*)   Plaintext license not found.
Info: cpu: # 2020.09.26 17:06:26 (*)   No license required to generate encrypted Nios II/e.
Info: cpu: # 2020.09.26 17:06:26 (*)   Elaborating CPU configuration settings
Info: cpu: # 2020.09.26 17:06:26 (*)   Creating all objects for CPU
Info: cpu: # 2020.09.26 17:06:28 (*)   Creating '/tmp/alt8531_2798457927530797098.dir/0008_cpu_gen//niosLab2_nios2_gen2_0_cpu_nios2_waves.do'
Info: cpu: # 2020.09.26 17:06:28 (*)   Generating RTL from CPU objects
Info: cpu: # 2020.09.26 17:06:28 (*)   Creating plain-text RTL
Info: cpu: # 2020.09.26 17:06:29 (*) Done Nios II generation
Info: cpu: Done RTL generation for module 'niosLab2_nios2_gen2_0_cpu'
Info: cpu: "nios2_gen2_0" instantiated altera_nios2_gen2_unit "cpu"
Info: nios2_gen2_0_data_master_translator: "mm_interconnect_0" instantiated altera_merlin_master_translator "nios2_gen2_0_data_master_translator"
Info: jtag_uart_0_avalon_jtag_slave_translator: "mm_interconnect_0" instantiated altera_merlin_slave_translator "jtag_uart_0_avalon_jtag_slave_translator"
Info: nios2_gen2_0_data_master_agent: "mm_interconnect_0" instantiated altera_merlin_master_agent "nios2_gen2_0_data_master_agent"
Info: jtag_uart_0_avalon_jtag_slave_agent: "mm_interconnect_0" instantiated altera_merlin_slave_agent "jtag_uart_0_avalon_jtag_slave_agent"
Info: jtag_uart_0_avalon_jtag_slave_agent_rsp_fifo: "mm_interconnect_0" instantiated altera_avalon_sc_fifo "jtag_uart_0_avalon_jtag_slave_agent_rsp_fifo"
Info: router: "mm_interconnect_0" instantiated altera_merlin_router "router"
Info: router_001: "mm_interconnect_0" instantiated altera_merlin_router "router_001"
Info: router_002: "mm_interconnect_0" instantiated altera_merlin_router "router_002"
Info: router_004: "mm_interconnect_0" instantiated altera_merlin_router "router_004"
Info: cmd_demux: "mm_interconnect_0" instantiated altera_merlin_demultiplexer "cmd_demux"
Info: cmd_demux_001: "mm_interconnect_0" instantiated altera_merlin_demultiplexer "cmd_demux_001"
Info: cmd_mux: "mm_interconnect_0" instantiated altera_merlin_multiplexer "cmd_mux"
Info: cmd_mux_002: "mm_interconnect_0" instantiated altera_merlin_multiplexer "cmd_mux_002"
Info: Reusing file /home/emanuelle/Desktop/INSPER/SoC/Entrega_3/niosLab2/simulation/submodules/altera_merlin_arbitrator.sv
Info: rsp_demux: "mm_interconnect_0" instantiated altera_merlin_demultiplexer "rsp_demux"
Info: rsp_mux: "mm_interconnect_0" instantiated altera_merlin_multiplexer "rsp_mux"
Info: Reusing file /home/emanuelle/Desktop/INSPER/SoC/Entrega_3/niosLab2/simulation/submodules/altera_merlin_arbitrator.sv
Info: rsp_mux_001: "mm_interconnect_0" instantiated altera_merlin_multiplexer "rsp_mux_001"
Info: Reusing file /home/emanuelle/Desktop/INSPER/SoC/Entrega_3/niosLab2/simulation/submodules/altera_merlin_arbitrator.sv
Info: avalon_st_adapter: "mm_interconnect_0" instantiated altera_avalon_st_adapter "avalon_st_adapter"
Info: error_adapter_0: "avalon_st_adapter" instantiated error_adapter "error_adapter_0"
Info: niosLab2: Done "niosLab2" with 28 modules, 50 files
Info: qsys-generate succeeded.
Info: Finished: Create simulation model
Info: Starting: Create Modelsim Project.
Info: sim-script-gen --spd=/home/emanuelle/Desktop/INSPER/SoC/Entrega_3/niosLab2/niosLab2.spd --output-directory=/home/emanuelle/Desktop/INSPER/SoC/Entrega_3/niosLab2/simulation/ --use-relative-paths=true
Info: Doing: ip-make-simscript --spd=/home/emanuelle/Desktop/INSPER/SoC/Entrega_3/niosLab2/niosLab2.spd --output-directory=/home/emanuelle/Desktop/INSPER/SoC/Entrega_3/niosLab2/simulation/ --use-relative-paths=true
Info: Generating the following file(s) for MODELSIM simulator in /home/emanuelle/Desktop/INSPER/SoC/Entrega_3/niosLab2/simulation/ directory:
Info: 	mentor/msim_setup.tcl
Info: Skipping VCS script generation since VHDL file $QUARTUS_INSTALL_DIR/eda/sim_lib/altera_syn_attributes.vhd is required for simulation
Info: Generating the following file(s) for VCSMX simulator in /home/emanuelle/Desktop/INSPER/SoC/Entrega_3/niosLab2/simulation/ directory:
Info: 	synopsys/vcsmx/synopsys_sim.setup
Info: 	synopsys/vcsmx/vcsmx_setup.sh
Info: Generating the following file(s) for NCSIM simulator in /home/emanuelle/Desktop/INSPER/SoC/Entrega_3/niosLab2/simulation/ directory:
Info: 	cadence/cds.lib
Info: 	cadence/hdl.var
Info: 	cadence/ncsim_setup.sh
Info: 	27 .cds.lib files in cadence/cds_libs/ directory
Info: Generating the following file(s) for RIVIERA simulator in /home/emanuelle/Desktop/INSPER/SoC/Entrega_3/niosLab2/simulation/ directory:
Info: 	aldec/rivierapro_setup.tcl
Info: For information on how to simulate your IP, see the explanatory comments in the simulator-specific subdirectories under /home/emanuelle/Desktop/INSPER/SoC/Entrega_3/niosLab2/simulation/.
Info: Regenerate these scripts whenever you make any change to any Quartus-generated IP in your project.
Info: Finished: Create Modelsim Project.
Info: 
Info: Starting: Create HDL design files for synthesis
Info: qsys-generate /home/emanuelle/Desktop/INSPER/SoC/Entrega_3/niosLab2.qsys --synthesis=VERILOG --output-directory=/home/emanuelle/Desktop/INSPER/SoC/Entrega_3/niosLab2/synthesis --family="Cyclone V" --part=5CSXFC6D6F31C6
Progress: Loading Entrega_3/niosLab2.qsys
Progress: Reading input file
Progress: Adding clk_0 [clock_source 18.1]
Progress: Parameterizing module clk_0
Progress: Adding jtag_uart_0 [altera_avalon_jtag_uart 18.1]
Progress: Parameterizing module jtag_uart_0
Progress: Adding nios2_gen2_0 [altera_nios2_gen2 18.1]
Progress: Parameterizing module nios2_gen2_0
Progress: Adding onchip_memory2_0 [altera_avalon_onchip_memory2 18.1]
Progress: Parameterizing module onchip_memory2_0
Progress: Adding peripheral_motor_0 [peripheral_motor 1.0]
Progress: Parameterizing module peripheral_motor_0
Progress: Adding pio_0 [altera_avalon_pio 18.1]
Progress: Parameterizing module pio_0
Progress: Building connections
Progress: Parameterizing connections
Progress: Validating
Progress: Done reading input file
Info: niosLab2.jtag_uart_0: JTAG UART IP input clock need to be at least double (2x) the operating frequency of JTAG TCK on board
Info: niosLab2.pio_0: PIO inputs are not hardwired in test bench. Undefined values will be read from PIO inputs during simulation.
Warning: niosLab2.pio_0: Interrupt sender pio_0.irq is not connected to an interrupt receiver
Info: niosLab2: Generating niosLab2 "niosLab2" for QUARTUS_SYNTH
Info: jtag_uart_0: Starting RTL generation for module 'niosLab2_jtag_uart_0'
Info: jtag_uart_0:   Generation command is [exec /opt/altera/18.1/quartus/linux64/perl/bin/perl -I /opt/altera/18.1/quartus/linux64/perl/lib -I /opt/altera/18.1/quartus/sopc_builder/bin/europa -I /opt/altera/18.1/quartus/sopc_builder/bin/perl_lib -I /opt/altera/18.1/quartus/sopc_builder/bin -I /opt/altera/18.1/quartus/../ip/altera/sopc_builder_ip/common -I /opt/altera/18.1/quartus/../ip/altera/sopc_builder_ip/altera_avalon_jtag_uart -- /opt/altera/18.1/quartus/../ip/altera/sopc_builder_ip/altera_avalon_jtag_uart/generate_rtl.pl --name=niosLab2_jtag_uart_0 --dir=/tmp/alt8531_2798457927530797098.dir/0027_jtag_uart_0_gen/ --quartus_dir=/opt/altera/18.1/quartus --verilog --config=/tmp/alt8531_2798457927530797098.dir/0027_jtag_uart_0_gen//niosLab2_jtag_uart_0_component_configuration.pl  --do_build_sim=0  ]
Info: jtag_uart_0: Done RTL generation for module 'niosLab2_jtag_uart_0'
Info: jtag_uart_0: "niosLab2" instantiated altera_avalon_jtag_uart "jtag_uart_0"
Info: nios2_gen2_0: "niosLab2" instantiated altera_nios2_gen2 "nios2_gen2_0"
Info: onchip_memory2_0: Starting RTL generation for module 'niosLab2_onchip_memory2_0'
Info: onchip_memory2_0:   Generation command is [exec /opt/altera/18.1/quartus/linux64/perl/bin/perl -I /opt/altera/18.1/quartus/linux64/perl/lib -I /opt/altera/18.1/quartus/sopc_builder/bin/europa -I /opt/altera/18.1/quartus/sopc_builder/bin/perl_lib -I /opt/altera/18.1/quartus/sopc_builder/bin -I /opt/altera/18.1/quartus/../ip/altera/sopc_builder_ip/common -I /opt/altera/18.1/quartus/../ip/altera/sopc_builder_ip/altera_avalon_onchip_memory2 -- /opt/altera/18.1/quartus/../ip/altera/sopc_builder_ip/altera_avalon_onchip_memory2/generate_rtl.pl --name=niosLab2_onchip_memory2_0 --dir=/tmp/alt8531_2798457927530797098.dir/0028_onchip_memory2_0_gen/ --quartus_dir=/opt/altera/18.1/quartus --verilog --config=/tmp/alt8531_2798457927530797098.dir/0028_onchip_memory2_0_gen//niosLab2_onchip_memory2_0_component_configuration.pl  --do_build_sim=0  ]
Info: onchip_memory2_0: Done RTL generation for module 'niosLab2_onchip_memory2_0'
Info: onchip_memory2_0: "niosLab2" instantiated altera_avalon_onchip_memory2 "onchip_memory2_0"
Info: peripheral_motor_0: "niosLab2" instantiated peripheral_motor "peripheral_motor_0"
Info: pio_0: Starting RTL generation for module 'niosLab2_pio_0'
Info: pio_0:   Generation command is [exec /opt/altera/18.1/quartus/linux64/perl/bin/perl -I /opt/altera/18.1/quartus/linux64/perl/lib -I /opt/altera/18.1/quartus/sopc_builder/bin/europa -I /opt/altera/18.1/quartus/sopc_builder/bin/perl_lib -I /opt/altera/18.1/quartus/sopc_builder/bin -I /opt/altera/18.1/quartus/../ip/altera/sopc_builder_ip/common -I /opt/altera/18.1/quartus/../ip/altera/sopc_builder_ip/altera_avalon_pio -- /opt/altera/18.1/quartus/../ip/altera/sopc_builder_ip/altera_avalon_pio/generate_rtl.pl --name=niosLab2_pio_0 --dir=/tmp/alt8531_2798457927530797098.dir/0030_pio_0_gen/ --quartus_dir=/opt/altera/18.1/quartus --verilog --config=/tmp/alt8531_2798457927530797098.dir/0030_pio_0_gen//niosLab2_pio_0_component_configuration.pl  --do_build_sim=0  ]
Info: pio_0: Done RTL generation for module 'niosLab2_pio_0'
Info: pio_0: "niosLab2" instantiated altera_avalon_pio "pio_0"
Info: avalon_st_adapter: Inserting error_adapter: error_adapter_0
Info: avalon_st_adapter_001: Inserting error_adapter: error_adapter_0
Info: avalon_st_adapter_002: Inserting error_adapter: error_adapter_0
Info: avalon_st_adapter_003: Inserting error_adapter: error_adapter_0
Info: avalon_st_adapter_004: Inserting error_adapter: error_adapter_0
Info: mm_interconnect_0: "niosLab2" instantiated altera_mm_interconnect "mm_interconnect_0"
Info: irq_mapper: "niosLab2" instantiated altera_irq_mapper "irq_mapper"
Info: rst_controller: "niosLab2" instantiated altera_reset_controller "rst_controller"
Info: cpu: Starting RTL generation for module 'niosLab2_nios2_gen2_0_cpu'
Info: cpu:   Generation command is [exec /opt/altera/18.1/quartus/linux64//eperlcmd -I /opt/altera/18.1/quartus/linux64//perl/lib -I /opt/altera/18.1/quartus/sopc_builder/bin/europa -I /opt/altera/18.1/quartus/sopc_builder/bin/perl_lib -I /opt/altera/18.1/quartus/sopc_builder/bin -I /opt/altera/18.1/quartus/../ip/altera/nios2_ip/altera_nios2_gen2/cpu_lib -I /opt/altera/18.1/quartus/../ip/altera/nios2_ip/altera_nios2_gen2/nios_lib -I /opt/altera/18.1/quartus/../ip/altera/nios2_ip/altera_nios2_gen2 -I /opt/altera/18.1/quartus/../ip/altera/nios2_ip/altera_nios2_gen2 -- /opt/altera/18.1/quartus/../ip/altera/nios2_ip/altera_nios2_gen2/generate_rtl.epl --name=niosLab2_nios2_gen2_0_cpu --dir=/tmp/alt8531_2798457927530797098.dir/0033_cpu_gen/ --quartus_bindir=/opt/altera/18.1/quartus/linux64/ --verilog --config=/tmp/alt8531_2798457927530797098.dir/0033_cpu_gen//niosLab2_nios2_gen2_0_cpu_processor_configuration.pl  --do_build_sim=0  ]
Info: cpu: # 2020.09.26 17:06:40 (*) Starting Nios II generation
Info: cpu: # 2020.09.26 17:06:40 (*)   Checking for plaintext license.
Info: cpu: # 2020.09.26 17:06:41 (*)   Couldn't query license setup in Quartus directory /opt/altera/18.1/quartus/linux64/
Info: cpu: # 2020.09.26 17:06:41 (*)   Defaulting to contents of LM_LICENSE_FILE environment variable
Info: cpu: # 2020.09.26 17:06:41 (*)   LM_LICENSE_FILE environment variable is empty
Info: cpu: # 2020.09.26 17:06:41 (*)   Plaintext license not found.
Info: cpu: # 2020.09.26 17:06:41 (*)   No license required to generate encrypted Nios II/e.
Info: cpu: # 2020.09.26 17:06:41 (*)   Elaborating CPU configuration settings
Info: cpu: # 2020.09.26 17:06:42 (*)   Creating all objects for CPU
Info: cpu: # 2020.09.26 17:06:43 (*)   Generating RTL from CPU objects
Info: cpu: # 2020.09.26 17:06:43 (*)   Creating plain-text RTL
Info: cpu: # 2020.09.26 17:06:44 (*) Done Nios II generation
Info: cpu: Done RTL generation for module 'niosLab2_nios2_gen2_0_cpu'
Info: cpu: "nios2_gen2_0" instantiated altera_nios2_gen2_unit "cpu"
Info: nios2_gen2_0_data_master_translator: "mm_interconnect_0" instantiated altera_merlin_master_translator "nios2_gen2_0_data_master_translator"
Info: jtag_uart_0_avalon_jtag_slave_translator: "mm_interconnect_0" instantiated altera_merlin_slave_translator "jtag_uart_0_avalon_jtag_slave_translator"
Info: nios2_gen2_0_data_master_agent: "mm_interconnect_0" instantiated altera_merlin_master_agent "nios2_gen2_0_data_master_agent"
Info: jtag_uart_0_avalon_jtag_slave_agent: "mm_interconnect_0" instantiated altera_merlin_slave_agent "jtag_uart_0_avalon_jtag_slave_agent"
Info: jtag_uart_0_avalon_jtag_slave_agent_rsp_fifo: "mm_interconnect_0" instantiated altera_avalon_sc_fifo "jtag_uart_0_avalon_jtag_slave_agent_rsp_fifo"
Info: router: "mm_interconnect_0" instantiated altera_merlin_router "router"
Info: router_001: "mm_interconnect_0" instantiated altera_merlin_router "router_001"
Info: router_002: "mm_interconnect_0" instantiated altera_merlin_router "router_002"
Info: router_004: "mm_interconnect_0" instantiated altera_merlin_router "router_004"
Info: cmd_demux: "mm_interconnect_0" instantiated altera_merlin_demultiplexer "cmd_demux"
Info: cmd_demux_001: "mm_interconnect_0" instantiated altera_merlin_demultiplexer "cmd_demux_001"
Info: cmd_mux: "mm_interconnect_0" instantiated altera_merlin_multiplexer "cmd_mux"
Info: cmd_mux_002: "mm_interconnect_0" instantiated altera_merlin_multiplexer "cmd_mux_002"
Info: Reusing file /home/emanuelle/Desktop/INSPER/SoC/Entrega_3/niosLab2/synthesis/submodules/altera_merlin_arbitrator.sv
Info: rsp_demux: "mm_interconnect_0" instantiated altera_merlin_demultiplexer "rsp_demux"
Info: rsp_mux: "mm_interconnect_0" instantiated altera_merlin_multiplexer "rsp_mux"
Info: Reusing file /home/emanuelle/Desktop/INSPER/SoC/Entrega_3/niosLab2/synthesis/submodules/altera_merlin_arbitrator.sv
Info: rsp_mux_001: "mm_interconnect_0" instantiated altera_merlin_multiplexer "rsp_mux_001"
Info: Reusing file /home/emanuelle/Desktop/INSPER/SoC/Entrega_3/niosLab2/synthesis/submodules/altera_merlin_arbitrator.sv
Info: avalon_st_adapter: "mm_interconnect_0" instantiated altera_avalon_st_adapter "avalon_st_adapter"
Info: error_adapter_0: "avalon_st_adapter" instantiated error_adapter "error_adapter_0"
Info: niosLab2: Done "niosLab2" with 28 modules, 41 files
Info: qsys-generate succeeded.
Info: Finished: Create HDL design files for synthesis
